[2025-10-23 17:01:29,688] === REAL DATA VERIFICATION STARTING ===
[2025-10-23 17:01:29,688] Verifying SENSEX data...
[2025-10-23 17:01:29,745] SENSEX statistical check failed: Return kurtosis 3901.05 outside [1, 15]
[2025-10-23 17:02:01,410] === REAL DATA VERIFICATION STARTING ===
[2025-10-23 17:02:01,410] Verifying SENSEX data...
[2025-10-23 17:02:01,459] VERIFIED: SENSEX rows=5,478 span=2003-10-01→2025-10-21 gaps<=2 max_flat=1.0
[2025-10-23 17:02:01,460] Verifying GOLD data...
[2025-10-23 17:02:01,490] Small file detected: data/gold/XAU_1w_data.csv (59479 bytes)
[2025-10-23 17:02:01,842] Small file detected: data/gold/XAU_1Month_data.csv (14080 bytes)
[2025-10-23 17:02:35,998] === REAL DATA VERIFICATION STARTING ===
[2025-10-23 17:02:35,998] Verifying SENSEX data...
[2025-10-23 17:02:36,049] VERIFIED: SENSEX rows=5,478 span=2003-10-01→2025-10-21 gaps<=2 max_flat=1.0
[2025-10-23 17:02:36,049] Verifying GOLD data...
[2025-10-23 17:02:36,081] VERIFIED: GOLD rows=5,383 span=2004-06-11→2025-09-30 gaps<=5 max_flat=3.0
[2025-10-23 17:02:36,081] HASHES: written to logs/data_hashes.json
[2025-10-23 17:02:36,081] REAL DATA VERIFIED ✅
[2025-10-23 17:25:13,531] === REAL DATA VERIFICATION STARTING ===
[2025-10-23 17:25:13,532] Verifying SENSEX data...
[2025-10-23 17:25:13,584] VERIFIED: SENSEX rows=5,478 span=2003-10-01→2025-10-21 gaps<=2 max_flat=1.0
[2025-10-23 17:25:13,584] Verifying GOLD data...
[2025-10-23 17:25:13,616] VERIFIED: GOLD rows=5,383 span=2004-06-11→2025-09-30 gaps<=5 max_flat=3.0
[2025-10-23 17:25:13,616] HASHES: written to logs/data_hashes.json
[2025-10-23 17:25:13,616] REAL DATA VERIFIED ✅
[2025-10-23 17:26:03,959] === REAL DATA VERIFICATION STARTING ===
[2025-10-23 17:26:03,959] Verifying SENSEX data...
[2025-10-23 17:26:04,016] VERIFIED: SENSEX rows=5,478 span=2003-10-01→2025-10-21 gaps<=2 max_flat=1.0
[2025-10-23 17:26:04,016] Verifying GOLD data...
[2025-10-23 17:26:04,047] VERIFIED: GOLD rows=5,383 span=2004-06-11→2025-09-30 gaps<=5 max_flat=3.0
[2025-10-23 17:26:04,048] HASHES: written to logs/data_hashes.json
[2025-10-23 17:26:04,048] REAL DATA VERIFIED ✅
[2025-10-23 17:35:46,632] === REAL DATA VERIFICATION STARTING ===
[2025-10-23 17:35:46,632] Verifying SENSEX data...
[2025-10-23 17:35:46,688] VERIFIED: SENSEX rows=5,478 span=2003-10-01→2025-10-21 gaps<=2 max_flat=1.0
[2025-10-23 17:35:46,688] Verifying GOLD data...
[2025-10-23 17:35:46,719] VERIFIED: GOLD rows=5,383 span=2004-06-11→2025-09-30 gaps<=5 max_flat=3.0
[2025-10-23 17:35:46,720] HASHES: written to logs/data_hashes.json
[2025-10-23 17:35:46,720] REAL DATA VERIFIED ✅
[2025-10-23 17:36:52,281] === REAL DATA VERIFICATION STARTING ===
[2025-10-23 17:36:52,281] Verifying SENSEX data...
[2025-10-23 17:36:52,325] VERIFIED: SENSEX rows=5,478 span=2003-10-01→2025-10-21 gaps<=2 max_flat=1.0
[2025-10-23 17:36:52,325] Verifying GOLD data...
[2025-10-23 17:36:52,356] VERIFIED: GOLD rows=5,383 span=2004-06-11→2025-09-30 gaps<=5 max_flat=3.0
[2025-10-23 17:36:52,356] HASHES: written to logs/data_hashes.json
[2025-10-23 17:36:52,356] REAL DATA VERIFIED ✅
[2025-10-23 17:41:14,339] === REAL DATA VERIFICATION STARTING ===
[2025-10-23 17:41:14,339] Verifying SENSEX data...
[2025-10-23 17:41:14,396] VERIFIED: SENSEX rows=5,478 span=2003-10-01→2025-10-21 gaps<=2 max_flat=1.0
[2025-10-23 17:41:14,396] Verifying GOLD data...
[2025-10-23 17:41:14,428] VERIFIED: GOLD rows=5,383 span=2004-06-11→2025-09-30 gaps<=5 max_flat=3.0
[2025-10-23 17:41:14,428] HASHES: written to logs/data_hashes.json
[2025-10-23 17:41:14,428] REAL DATA VERIFIED ✅
[2025-10-23 19:42:22,054] === REAL DATA VERIFICATION STARTING ===
[2025-10-23 19:42:22,054] Verifying SENSEX data...
[2025-10-23 19:42:22,117] VERIFIED: SENSEX rows=5,478 span=2003-10-01→2025-10-21 gaps<=2 max_flat=1.0
[2025-10-23 19:42:22,117] Verifying GOLD data...
[2025-10-23 19:42:22,149] VERIFIED: GOLD rows=5,383 span=2004-06-11→2025-09-30 gaps<=5 max_flat=3.0
[2025-10-23 19:42:22,150] HASHES: written to logs/data_hashes.json
[2025-10-23 19:42:22,150] REAL DATA VERIFIED ✅
[2025-10-23 19:42:31,881] === REAL DATA VERIFICATION STARTING ===
[2025-10-23 19:42:31,881] Verifying SENSEX data...
[2025-10-23 19:42:31,925] VERIFIED: SENSEX rows=5,478 span=2003-10-01→2025-10-21 gaps<=2 max_flat=1.0
[2025-10-23 19:42:31,925] Verifying GOLD data...
[2025-10-23 19:42:31,956] VERIFIED: GOLD rows=5,383 span=2004-06-11→2025-09-30 gaps<=5 max_flat=3.0
[2025-10-23 19:42:31,956] HASHES: written to logs/data_hashes.json
[2025-10-23 19:42:31,956] REAL DATA VERIFIED ✅
[2025-10-23 19:43:47,554] === REAL DATA VERIFICATION STARTING ===
[2025-10-23 19:43:47,554] Verifying SENSEX data...
[2025-10-23 19:43:47,610] VERIFIED: SENSEX rows=5,478 span=2003-10-01→2025-10-21 gaps<=2 max_flat=1.0
[2025-10-23 19:43:47,610] Verifying GOLD data...
[2025-10-23 19:43:47,641] VERIFIED: GOLD rows=5,383 span=2004-06-11→2025-09-30 gaps<=5 max_flat=3.0
[2025-10-23 19:43:47,641] HASHES: written to logs/data_hashes.json
[2025-10-23 19:43:47,641] REAL DATA VERIFIED ✅
[2025-10-23 19:47:47,114] === REAL DATA VERIFICATION STARTING ===
[2025-10-23 19:47:47,114] Verifying SENSEX data...
[2025-10-23 19:47:47,168] VERIFIED: SENSEX rows=5,478 span=2003-10-01→2025-10-21 gaps<=2 max_flat=1.0
[2025-10-23 19:47:47,168] Verifying GOLD data...
[2025-10-23 19:47:47,199] VERIFIED: GOLD rows=5,383 span=2004-06-11→2025-09-30 gaps<=5 max_flat=3.0
[2025-10-23 19:47:47,200] HASHES: written to logs/data_hashes.json
[2025-10-23 19:47:47,200] REAL DATA VERIFIED ✅
[2025-10-23 20:49:40,180] === REAL DATA VERIFICATION STARTING ===
[2025-10-23 20:49:40,181] Verifying SENSEX data...
[2025-10-23 20:49:40,234] VERIFIED: SENSEX rows=5,478 span=2003-10-01→2025-10-21 gaps<=2 max_flat=1.0
[2025-10-23 20:49:40,234] Verifying GOLD data...
[2025-10-23 20:49:40,265] VERIFIED: GOLD rows=5,383 span=2004-06-11→2025-09-30 gaps<=5 max_flat=3.0
[2025-10-23 20:49:40,265] HASHES: written to logs/data_hashes.json
[2025-10-23 20:49:40,265] REAL DATA VERIFIED ✅
[2025-10-23 22:10:38,276] === REAL DATA VERIFICATION STARTING ===
[2025-10-23 22:10:38,277] Verifying SENSEX data...
[2025-10-23 22:10:38,335] VERIFIED: SENSEX rows=5,478 span=2003-10-01→2025-10-21 gaps<=2 max_flat=1.0
[2025-10-23 22:10:38,336] Verifying GOLD data...
[2025-10-23 22:10:38,368] VERIFIED: GOLD rows=5,383 span=2004-06-11→2025-09-30 gaps<=5 max_flat=3.0
[2025-10-23 22:10:38,369] HASHES: written to logs/data_hashes.json
[2025-10-23 22:10:38,369] REAL DATA VERIFIED ✅
[2025-10-23 22:11:34,455] === REAL DATA VERIFICATION STARTING ===
[2025-10-23 22:11:34,456] Verifying SENSEX data...
[2025-10-23 22:11:34,510] VERIFIED: SENSEX rows=5,478 span=2003-10-01→2025-10-21 gaps<=2 max_flat=1.0
[2025-10-23 22:11:34,510] Verifying GOLD data...
[2025-10-23 22:11:34,542] VERIFIED: GOLD rows=5,383 span=2004-06-11→2025-09-30 gaps<=5 max_flat=3.0
[2025-10-23 22:11:34,543] HASHES: written to logs/data_hashes.json
[2025-10-23 22:11:34,543] REAL DATA VERIFIED ✅
[2025-10-23 22:17:01,194] === REAL DATA VERIFICATION STARTING ===
[2025-10-23 22:17:01,195] Verifying SENSEX data...
[2025-10-23 22:17:01,248] VERIFIED: SENSEX rows=5,478 span=2003-10-01→2025-10-21 gaps<=2 max_flat=1.0
[2025-10-23 22:17:01,248] Verifying GOLD data...
[2025-10-23 22:17:01,280] VERIFIED: GOLD rows=5,383 span=2004-06-11→2025-09-30 gaps<=5 max_flat=3.0
[2025-10-23 22:17:01,280] HASHES: written to logs/data_hashes.json
[2025-10-23 22:17:01,280] REAL DATA VERIFIED ✅
[2025-10-24 23:14:17,802] === REAL DATA VERIFICATION STARTING ===
[2025-10-24 23:14:17,802] Verifying SENSEX data...
[2025-10-24 23:14:17,863] VERIFIED: SENSEX rows=5,478 span=2003-10-01→2025-10-21 gaps<=2 max_flat=1.0
[2025-10-24 23:14:17,863] Verifying GOLD data...
[2025-10-24 23:14:17,895] VERIFIED: GOLD rows=5,383 span=2004-06-11→2025-09-30 gaps<=5 max_flat=3.0
[2025-10-24 23:14:17,895] HASHES: written to logs/data_hashes.json
[2025-10-24 23:14:17,895] REAL DATA VERIFIED ✅
[2025-10-24 23:24:43,172] === REAL DATA VERIFICATION STARTING ===
[2025-10-24 23:24:43,172] Verifying SENSEX data...
[2025-10-24 23:24:43,215] VERIFIED: SENSEX rows=5,478 span=2003-10-01→2025-10-21 gaps<=2 max_flat=1.0
[2025-10-24 23:24:43,216] Verifying GOLD data...
[2025-10-24 23:24:43,247] VERIFIED: GOLD rows=5,383 span=2004-06-11→2025-09-30 gaps<=5 max_flat=3.0
[2025-10-24 23:24:43,248] HASHES: written to logs/data_hashes.json
[2025-10-24 23:24:43,248] REAL DATA VERIFIED ✅
[2025-10-25 00:15:56,339] === REAL DATA VERIFICATION STARTING ===
[2025-10-25 00:15:56,339] Verifying SENSEX data...
[2025-10-25 00:15:56,385] VERIFIED: SENSEX rows=5,478 span=2003-10-01→2025-10-21 gaps<=2 max_flat=1.0
[2025-10-25 00:15:56,385] Verifying GOLD data...
[2025-10-25 00:15:56,415] VERIFIED: GOLD rows=5,383 span=2004-06-11→2025-09-30 gaps<=5 max_flat=3.0
[2025-10-25 00:15:56,415] HASHES: written to logs/data_hashes.json
[2025-10-25 00:15:56,415] REAL DATA VERIFIED ✅
[2025-10-25 10:47:36,520] === REAL DATA VERIFICATION STARTING ===
[2025-10-25 10:47:36,520] Verifying SENSEX data...
[2025-10-25 10:47:36,578] VERIFIED: SENSEX rows=5,478 span=2003-10-01→2025-10-21 gaps<=2 max_flat=1.0
[2025-10-25 10:47:36,578] Verifying GOLD data...
[2025-10-25 10:47:36,610] VERIFIED: GOLD rows=5,383 span=2004-06-11→2025-09-30 gaps<=5 max_flat=3.0
[2025-10-25 10:47:36,610] HASHES: written to logs/data_hashes.json
[2025-10-25 10:47:36,610] REAL DATA VERIFIED ✅
[2025-10-25 10:48:08,952] === REAL DATA VERIFICATION STARTING ===
[2025-10-25 10:48:08,952] Verifying SENSEX data...
[2025-10-25 10:48:08,996] VERIFIED: SENSEX rows=5,478 span=2003-10-01→2025-10-21 gaps<=2 max_flat=1.0
[2025-10-25 10:48:08,996] Verifying GOLD data...
[2025-10-25 10:48:09,027] VERIFIED: GOLD rows=5,383 span=2004-06-11→2025-09-30 gaps<=5 max_flat=3.0
[2025-10-25 10:48:09,027] HASHES: written to logs/data_hashes.json
[2025-10-25 10:48:09,027] REAL DATA VERIFIED ✅
[2025-10-25 12:35:22,929] === REAL DATA VERIFICATION STARTING ===
[2025-10-25 12:35:22,929] Verifying SENSEX data...
[2025-10-25 12:35:22,980] VERIFIED: SENSEX rows=5,478 span=2003-10-01→2025-10-21 gaps<=2 max_flat=1.0
[2025-10-25 12:35:22,981] Verifying GOLD data...
[2025-10-25 12:35:23,012] VERIFIED: GOLD rows=5,383 span=2004-06-11→2025-09-30 gaps<=5 max_flat=3.0
[2025-10-25 12:35:23,013] HASHES: written to logs/data_hashes.json
[2025-10-25 12:35:23,013] REAL DATA VERIFIED ✅
